<?xml version="1.0" encoding="utf-8"?><testsuites name="pytest tests"><testsuite name="pytest" errors="0" failures="0" skipped="0" tests="57" time="115.634" timestamp="2026-04-24T17:19:39.988857+00:00" hostname="agent-env-d9001c04-4a91-44d5-ad57-7af79a48105a"><testcase classname="tests.test_procureflow_phase2.TestAuth" name="test_admin_login_success" time="0.610" /><testcase classname="tests.test_procureflow_phase2.TestAuth" name="test_me_with_bearer" time="0.183" /><testcase classname="tests.test_procureflow_phase2.TestAuth" name="test_me_with_cookie" time="0.519" /><testcase classname="tests.test_procureflow_phase2.TestAuth" name="test_register_short_password_422" time="0.202" /><testcase classname="tests.test_procureflow_phase2.TestAuth" name="test_register_new_user_role_user" time="0.565" /><testcase classname="tests.test_procureflow_phase2.TestAuth" name="test_login_wrong_password_401" time="0.684" /><testcase classname="tests.test_procureflow_phase2.TestAuth" name="test_brute_force_lockout" time="3.212" /><testcase classname="tests.test_procureflow_phase2.TestAuth" name="test_logout_clears_cookies" time="0.547" /><testcase classname="tests.test_procureflow_phase2.TestAuth" name="test_refresh_token" time="0.468" /><testcase classname="tests.test_procureflow_phase2.TestPublicAndProtected" name="test_documents_requires_auth" time="0.124" /><testcase classname="tests.test_procureflow_phase2.TestPublicAndProtected" name="test_dashboard_requires_auth" time="0.116" /><testcase classname="tests.test_procureflow_phase2.TestPublicAndProtected" name="test_me_requires_auth" time="0.133" /><testcase classname="tests.test_procureflow_phase2.TestPublicAndProtected" name="test_root_public" time="0.120" /><testcase classname="tests.test_procureflow_phase2.TestPublicAndProtected" name="test_templates_public" time="0.147" /><testcase classname="tests.test_procureflow_phase2.TestPublicAndProtected" name="test_template_quotation_public" time="0.138" /><testcase classname="tests.test_procureflow_phase2.TestPublicAndProtected" name="test_template_invoice_schema" time="0.121" /><testcase classname="tests.test_procureflow_phase2.TestDocumentPipeline" name="test_upload_real_pdf" time="0.402" /><testcase classname="tests.test_procureflow_phase2.TestDocumentPipeline" name="test_process_document" time="13.040" /><testcase classname="tests.test_procureflow_phase2.TestDocumentPipeline" name="test_pagination_shape" time="0.209" /><testcase classname="tests.test_procureflow_phase2.TestDocumentPipeline" name="test_regex_search" time="0.146" /><testcase classname="tests.test_procureflow_phase2.TestDocumentPipeline" name="test_filter_combo" time="0.143" /><testcase classname="tests.test_procureflow_phase2.TestDocumentPipeline" name="test_manual_create_invoice_and_pdf" time="0.522" /><testcase classname="tests.test_procureflow_phase2.TestDocumentPipeline" name="test_email_without_resend_returns_503" time="0.162" /><testcase classname="tests.test_procureflow_phase2.TestBulkUpload" name="test_bulk_upload_and_status" time="20.539" /><testcase classname="tests.test_procureflow_phase2.TestRBAC" name="test_viewer_cannot_upload" time="2.740" /><testcase classname="tests.test_procureflow_phase2.TestRBAC" name="test_viewer_can_list_documents" time="0.146" /><testcase classname="tests.test_procureflow_phase2.TestRBAC" name="test_viewer_cannot_delete" time="0.463" /><testcase classname="tests.test_procureflow_phase2.TestRBAC" name="test_user_only_sees_own_documents" time="0.451" /><testcase classname="tests.test_procureflow_phase2.TestRBAC" name="test_manager_sees_all" time="0.735" /><testcase classname="tests.test_procureflow_phase2.TestRBAC" name="test_non_manager_cannot_email" time="0.476" /><testcase classname="tests.test_procureflow_phase2.TestRBAC" name="test_user_cannot_finalize" time="0.690" /><testcase classname="tests.test_procureflow_phase2.TestRBAC" name="test_delete_removes_file" time="0.472" /><testcase classname="tests.test_procureflow_phase2.TestAdminAndAudit" name="test_list_users_admin_only" time="0.307" /><testcase classname="tests.test_procureflow_phase2.TestAdminAndAudit" name="test_admin_cannot_demote_self" time="0.277" /><testcase classname="tests.test_procureflow_phase2.TestAdminAndAudit" name="test_admin_cannot_delete_self" time="0.312" /><testcase classname="tests.test_procureflow_phase2.TestAdminAndAudit" name="test_change_role_roundtrip" time="0.856" /><testcase classname="tests.test_procureflow_phase2.TestAdminAndAudit" name="test_audit_logs_admin_only" time="0.368" /><testcase classname="tests.test_procureflow_phase2.TestAdminAndAudit" name="test_audit_filter_by_action" time="0.140" /><testcase classname="tests.test_procureflow_phase3.TestPasswordReset" name="test_forgot_password_existing_email_creates_token" time="1.327" /><testcase classname="tests.test_procureflow_phase3.TestPasswordReset" name="test_forgot_password_nonexistent_email_returns_200_no_token" time="0.141" /><testcase classname="tests.test_procureflow_phase3.TestPasswordReset" name="test_reset_with_invalid_token_400" time="0.133" /><testcase classname="tests.test_procureflow_phase3.TestPasswordReset" name="test_reset_with_expired_token_400" time="0.140" /><testcase classname="tests.test_procureflow_phase3.TestPasswordReset" name="test_reset_short_password_422" time="0.129" /><testcase classname="tests.test_procureflow_phase3.TestPasswordReset" name="test_full_reset_flow_rotates_password_and_consumes_token" time="1.905" /><testcase classname="tests.test_procureflow_phase3.TestPasswordReset" name="test_audit_log_captures_reset_actions" time="0.276" /><testcase classname="tests.test_procureflow_phase3.TestTemplateEditor" name="test_non_admin_forbidden" time="0.830" /><testcase classname="tests.test_procureflow_phase3.TestTemplateEditor" name="test_create_invalid_document_type_400" time="0.581" /><testcase classname="tests.test_procureflow_phase3.TestTemplateEditor" name="test_create_invalid_schema_400" time="0.912" /><testcase classname="tests.test_procureflow_phase3.TestTemplateEditor" name="test_create_custom_template_and_list" time="0.469" /><testcase classname="tests.test_procureflow_phase3.TestTemplateEditor" name="test_put_body_type_must_match_url" time="0.147" /><testcase classname="tests.test_procureflow_phase3.TestTemplateEditor" name="test_put_updates_custom_template" time="0.325" /><testcase classname="tests.test_procureflow_phase3.TestTemplateEditor" name="test_override_quotation_then_reset" time="0.708" /><testcase classname="tests.test_procureflow_phase3.TestTemplateEditor" name="test_delete_custom_template_removes" time="0.465" /><testcase classname="tests.test_procureflow_phase3.TestTemplateEditor" name="test_template_audit_actions" time="0.501" /><testcase classname="tests.test_procureflow_phase3.TestCeleryBulk" name="test_queue_status_requires_admin" time="0.178" /><testcase classname="tests.test_procureflow_phase3.TestCeleryBulk" name="test_queue_status_admin" time="0.172" /><testcase classname="tests.test_procureflow_phase3.TestCeleryBulk" name="test_bulk_upload_uses_celery_and_extracts" time="54.031" /></testsuite></testsuites>