<?xml version="1.0" encoding="utf-8"?><testsuites name="pytest tests"><testsuite name="pytest" errors="0" failures="0" skipped="0" tests="8" time="33.908" timestamp="2026-04-24T17:22:27.694651+00:00" hostname="agent-env-d9001c04-4a91-44d5-ad57-7af79a48105a"><testcase classname="tests.test_procureflow_phase4_hardening.TestCookieOnlyAuth" name="test_login_sets_httponly_cookies" time="16.168" /><testcase classname="tests.test_procureflow_phase4_hardening.TestCookieOnlyAuth" name="test_me_works_with_cookie_only_no_bearer" time="1.491" /><testcase classname="tests.test_procureflow_phase4_hardening.TestCookieOnlyAuth" name="test_bearer_still_accepted_backwards_compat" time="2.012" /><testcase classname="tests.test_procureflow_phase4_hardening.TestCookieOnlyAuth" name="test_login_response_body_still_includes_access_token" time="1.098" /><testcase classname="tests.test_procureflow_phase4_hardening.TestAuditEventRefactor" name="test_user_register_audit_has_actor_fields" time="3.177" /><testcase classname="tests.test_procureflow_phase4_hardening.TestAuditEventRefactor" name="test_password_reset_completed_writes_actor_via_write_log" time="5.318" /><testcase classname="tests.test_procureflow_phase4_hardening.TestTemplatePayloadAlias" name="test_create_template_with_literal_schema_key" time="0.745" /><testcase classname="tests.test_procureflow_phase4_hardening.TestEmailEndpointSafety" name="test_email_unconfigured_returns_503" time="1.392" /></testsuite></testsuites>