<?xml version="1.0" encoding="utf-8"?><testsuites name="pytest tests"><testsuite name="pytest" errors="0" failures="0" skipped="0" tests="38" time="62.066" timestamp="2026-04-24T15:42:01.981110+00:00" hostname="agent-env-d9001c04-4a91-44d5-ad57-7af79a48105a"><testcase classname="tests.test_procureflow_phase2.TestAuth" name="test_admin_login_success" time="0.803" /><testcase classname="tests.test_procureflow_phase2.TestAuth" name="test_me_with_bearer" time="0.212" /><testcase classname="tests.test_procureflow_phase2.TestAuth" name="test_me_with_cookie" time="0.834" /><testcase classname="tests.test_procureflow_phase2.TestAuth" name="test_register_short_password_422" time="0.191" /><testcase classname="tests.test_procureflow_phase2.TestAuth" name="test_register_new_user_role_user" time="0.789" /><testcase classname="tests.test_procureflow_phase2.TestAuth" name="test_login_wrong_password_401" time="0.544" /><testcase classname="tests.test_procureflow_phase2.TestAuth" name="test_brute_force_lockout" time="4.612" /><testcase classname="tests.test_procureflow_phase2.TestAuth" name="test_logout_clears_cookies" time="0.855" /><testcase classname="tests.test_procureflow_phase2.TestAuth" name="test_refresh_token" time="0.646" /><testcase classname="tests.test_procureflow_phase2.TestPublicAndProtected" name="test_documents_requires_auth" time="0.193" /><testcase classname="tests.test_procureflow_phase2.TestPublicAndProtected" name="test_dashboard_requires_auth" time="0.179" /><testcase classname="tests.test_procureflow_phase2.TestPublicAndProtected" name="test_me_requires_auth" time="0.232" /><testcase classname="tests.test_procureflow_phase2.TestPublicAndProtected" name="test_root_public" time="0.167" /><testcase classname="tests.test_procureflow_phase2.TestPublicAndProtected" name="test_templates_public" time="0.216" /><testcase classname="tests.test_procureflow_phase2.TestPublicAndProtected" name="test_template_quotation_public" time="0.234" /><testcase classname="tests.test_procureflow_phase2.TestPublicAndProtected" name="test_template_invoice_schema" time="0.197" /><testcase classname="tests.test_procureflow_phase2.TestDocumentPipeline" name="test_upload_real_pdf" time="0.706" /><testcase classname="tests.test_procureflow_phase2.TestDocumentPipeline" name="test_process_document" time="12.034" /><testcase classname="tests.test_procureflow_phase2.TestDocumentPipeline" name="test_pagination_shape" time="0.270" /><testcase classname="tests.test_procureflow_phase2.TestDocumentPipeline" name="test_regex_search" time="0.215" /><testcase classname="tests.test_procureflow_phase2.TestDocumentPipeline" name="test_filter_combo" time="0.181" /><testcase classname="tests.test_procureflow_phase2.TestDocumentPipeline" name="test_manual_create_invoice_and_pdf" time="0.610" /><testcase classname="tests.test_procureflow_phase2.TestDocumentPipeline" name="test_email_without_resend_returns_503" time="0.177" /><testcase classname="tests.test_procureflow_phase2.TestBulkUpload" name="test_bulk_upload_and_status" time="24.784" /><testcase classname="tests.test_procureflow_phase2.TestRBAC" name="test_viewer_cannot_upload" time="4.336" /><testcase classname="tests.test_procureflow_phase2.TestRBAC" name="test_viewer_can_list_documents" time="0.152" /><testcase classname="tests.test_procureflow_phase2.TestRBAC" name="test_viewer_cannot_delete" time="0.831" /><testcase classname="tests.test_procureflow_phase2.TestRBAC" name="test_user_only_sees_own_documents" time="0.627" /><testcase classname="tests.test_procureflow_phase2.TestRBAC" name="test_manager_sees_all" time="0.832" /><testcase classname="tests.test_procureflow_phase2.TestRBAC" name="test_non_manager_cannot_email" time="0.574" /><testcase classname="tests.test_procureflow_phase2.TestRBAC" name="test_user_cannot_finalize" time="0.805" /><testcase classname="tests.test_procureflow_phase2.TestRBAC" name="test_delete_removes_file" time="0.501" /><testcase classname="tests.test_procureflow_phase2.TestAdminAndAudit" name="test_list_users_admin_only" time="0.369" /><testcase classname="tests.test_procureflow_phase2.TestAdminAndAudit" name="test_admin_cannot_demote_self" time="0.292" /><testcase classname="tests.test_procureflow_phase2.TestAdminAndAudit" name="test_admin_cannot_delete_self" time="0.333" /><testcase classname="tests.test_procureflow_phase2.TestAdminAndAudit" name="test_change_role_roundtrip" time="0.963" /><testcase classname="tests.test_procureflow_phase2.TestAdminAndAudit" name="test_audit_logs_admin_only" time="0.366" /><testcase classname="tests.test_procureflow_phase2.TestAdminAndAudit" name="test_audit_filter_by_action" time="0.605" /></testsuite></testsuites>