<?xml version="1.0" encoding="utf-8"?><testsuites name="pytest tests"><testsuite name="pytest" errors="0" failures="0" skipped="0" tests="19" time="27.616" timestamp="2026-04-24T15:46:10.289709+00:00" hostname="agent-env-d9001c04-4a91-44d5-ad57-7af79a48105a"><testcase classname="tests.test_procureflow_phase3.TestPasswordReset" name="test_forgot_password_existing_email_creates_token" time="1.271" /><testcase classname="tests.test_procureflow_phase3.TestPasswordReset" name="test_forgot_password_nonexistent_email_returns_200_no_token" time="0.154" /><testcase classname="tests.test_procureflow_phase3.TestPasswordReset" name="test_reset_with_invalid_token_400" time="0.174" /><testcase classname="tests.test_procureflow_phase3.TestPasswordReset" name="test_reset_with_expired_token_400" time="0.161" /><testcase classname="tests.test_procureflow_phase3.TestPasswordReset" name="test_reset_short_password_422" time="0.139" /><testcase classname="tests.test_procureflow_phase3.TestPasswordReset" name="test_full_reset_flow_rotates_password_and_consumes_token" time="1.681" /><testcase classname="tests.test_procureflow_phase3.TestPasswordReset" name="test_audit_log_captures_reset_actions" time="0.375" /><testcase classname="tests.test_procureflow_phase3.TestTemplateEditor" name="test_non_admin_forbidden" time="0.892" /><testcase classname="tests.test_procureflow_phase3.TestTemplateEditor" name="test_create_invalid_document_type_400" time="0.603" /><testcase classname="tests.test_procureflow_phase3.TestTemplateEditor" name="test_create_invalid_schema_400" time="0.591" /><testcase classname="tests.test_procureflow_phase3.TestTemplateEditor" name="test_create_custom_template_and_list" time="0.444" /><testcase classname="tests.test_procureflow_phase3.TestTemplateEditor" name="test_put_body_type_must_match_url" time="0.156" /><testcase classname="tests.test_procureflow_phase3.TestTemplateEditor" name="test_put_updates_custom_template" time="0.275" /><testcase classname="tests.test_procureflow_phase3.TestTemplateEditor" name="test_override_quotation_then_reset" time="1.041" /><testcase classname="tests.test_procureflow_phase3.TestTemplateEditor" name="test_delete_custom_template_removes" time="0.522" /><testcase classname="tests.test_procureflow_phase3.TestTemplateEditor" name="test_template_audit_actions" time="0.504" /><testcase classname="tests.test_procureflow_phase3.TestCeleryBulk" name="test_queue_status_requires_admin" time="0.152" /><testcase classname="tests.test_procureflow_phase3.TestCeleryBulk" name="test_queue_status_admin" time="0.189" /><testcase classname="tests.test_procureflow_phase3.TestCeleryBulk" name="test_bulk_upload_uses_celery_and_extracts" time="17.766" /></testsuite></testsuites>