<?xml version="1.0" encoding="utf-8"?><testsuites name="pytest tests"><testsuite name="pytest" errors="0" failures="13" skipped="0" tests="74" time="78.864" timestamp="2026-04-24T15:46:43.887367+00:00" hostname="agent-env-d9001c04-4a91-44d5-ad57-7af79a48105a"><testcase classname="tests.test_procureflow_api" name="test_root" time="0.190" /><testcase classname="tests.test_procureflow_api" name="test_list_templates" time="0.054" /><testcase classname="tests.test_procureflow_api" name="test_get_quotation_template" time="0.055" /><testcase classname="tests.test_procureflow_api" name="test_get_unknown_template_404" time="0.071" /><testcase classname="tests.test_procureflow_api" name="test_dashboard_stats" time="0.057"><failure message="assert 401 == 200&#10; +  where 401 = &lt;Response [401]&gt;.status_code">tests/test_procureflow_api.py:74: in test_dashboard_stats
    assert r.status_code == 200
E   assert 401 == 200
E    +  where 401 = &lt;Response [401]&gt;.status_code</failure></testcase><testcase classname="tests.test_procureflow_api" name="test_upload_non_pdf_rejected" time="0.052"><failure message="assert 401 == 400&#10; +  where 401 = &lt;Response [401]&gt;.status_code">tests/test_procureflow_api.py:91: in test_upload_non_pdf_rejected
    assert r.status_code == 400
E   assert 401 == 400
E    +  where 401 = &lt;Response [401]&gt;.status_code</failure></testcase><testcase classname="tests.test_procureflow_api" name="test_upload_pdf" time="0.200"><failure message="AssertionError: {&quot;detail&quot;:&quot;Not authenticated&quot;}&#10;assert 401 == 200&#10; +  where 401 = &lt;Response [401]&gt;.status_code">tests/test_procureflow_api.py:100: in test_upload_pdf
    assert r.status_code == 200, r.text
E   AssertionError: {"detail":"Not authenticated"}
E   assert 401 == 200
E    +  where 401 = &lt;Response [401]&gt;.status_code</failure></testcase><testcase classname="tests.test_procureflow_api" name="test_process_non_existent_404" time="0.055"><failure message="assert 401 == 404&#10; +  where 401 = &lt;Response [401]&gt;.status_code">tests/test_procureflow_api.py:111: in test_process_non_existent_404
    assert r.status_code == 404
E   assert 401 == 404
E    +  where 401 = &lt;Response [401]&gt;.status_code</failure></testcase><testcase classname="tests.test_procureflow_api" name="test_process_uploaded_pdf" time="0.001"><failure message="AssertionError: Previous upload failed&#10;assert None">tests/test_procureflow_api.py:116: in test_process_uploaded_pdf
    assert doc_id, "Previous upload failed"
E   AssertionError: Previous upload failed
E   assert None</failure></testcase><testcase classname="tests.test_procureflow_api" name="test_get_document" time="0.068"><failure message="assert 401 == 200&#10; +  where 401 = &lt;Response [401]&gt;.status_code">tests/test_procureflow_api.py:141: in test_get_document
    assert r.status_code == 200
E   assert 401 == 200
E    +  where 401 = &lt;Response [401]&gt;.status_code</failure></testcase><testcase classname="tests.test_procureflow_api" name="test_list_documents_and_filters" time="0.057"><failure message="assert 401 == 200&#10; +  where 401 = &lt;Response [401]&gt;.status_code">tests/test_procureflow_api.py:149: in test_list_documents_and_filters
    assert r.status_code == 200
E   assert 401 == 200
E    +  where 401 = &lt;Response [401]&gt;.status_code</failure></testcase><testcase classname="tests.test_procureflow_api" name="test_review_document" time="0.110"><failure message="assert 401 == 200&#10; +  where 401 = &lt;Response [401]&gt;.status_code">tests/test_procureflow_api.py:173: in test_review_document
    assert r.status_code == 200
E   assert 401 == 200
E    +  where 401 = &lt;Response [401]&gt;.status_code</failure></testcase><testcase classname="tests.test_procureflow_api" name="test_create_manual_po" time="0.057"><failure message="AssertionError: {&quot;detail&quot;:&quot;Not authenticated&quot;}&#10;assert 401 == 200&#10; +  where 401 = &lt;Response [401]&gt;.status_code">tests/test_procureflow_api.py:202: in test_create_manual_po
    assert r.status_code == 200, r.text
E   AssertionError: {"detail":"Not authenticated"}
E   assert 401 == 200
E    +  where 401 = &lt;Response [401]&gt;.status_code</failure></testcase><testcase classname="tests.test_procureflow_api" name="test_generate_pdf_manual" time="0.001"><failure message="assert None">tests/test_procureflow_api.py:212: in test_generate_pdf_manual
    assert doc_id
E   assert None</failure></testcase><testcase classname="tests.test_procureflow_api" name="test_get_original_file" time="0.060"><failure message="assert 401 == 200&#10; +  where 401 = &lt;Response [401]&gt;.status_code">tests/test_procureflow_api.py:223: in test_get_original_file
    assert r.status_code == 200
E   assert 401 == 200
E    +  where 401 = &lt;Response [401]&gt;.status_code</failure></testcase><testcase classname="tests.test_procureflow_api" name="test_delete_manual" time="0.052"><failure message="assert 401 == 200&#10; +  where 401 = &lt;Response [401]&gt;.status_code">tests/test_procureflow_api.py:232: in test_delete_manual
    assert r.status_code == 200
E   assert 401 == 200
E    +  where 401 = &lt;Response [401]&gt;.status_code</failure></testcase><testcase classname="tests.test_procureflow_api" name="test_delete_uploaded" time="0.052"><failure message="assert 401 == 200&#10; +  where 401 = &lt;Response [401]&gt;.status_code">tests/test_procureflow_api.py:241: in test_delete_uploaded
    assert r.status_code == 200
E   assert 401 == 200
E    +  where 401 = &lt;Response [401]&gt;.status_code</failure></testcase><testcase classname="tests.test_procureflow_phase2.TestAuth" name="test_admin_login_success" time="0.563" /><testcase classname="tests.test_procureflow_phase2.TestAuth" name="test_me_with_bearer" time="0.165" /><testcase classname="tests.test_procureflow_phase2.TestAuth" name="test_me_with_cookie" time="0.510" /><testcase classname="tests.test_procureflow_phase2.TestAuth" name="test_register_short_password_422" time="0.142" /><testcase classname="tests.test_procureflow_phase2.TestAuth" name="test_register_new_user_role_user" time="0.597" /><testcase classname="tests.test_procureflow_phase2.TestAuth" name="test_login_wrong_password_401" time="0.455" /><testcase classname="tests.test_procureflow_phase2.TestAuth" name="test_brute_force_lockout" time="3.154" /><testcase classname="tests.test_procureflow_phase2.TestAuth" name="test_logout_clears_cookies" time="0.539" /><testcase classname="tests.test_procureflow_phase2.TestAuth" name="test_refresh_token" time="0.520" /><testcase classname="tests.test_procureflow_phase2.TestPublicAndProtected" name="test_documents_requires_auth" time="0.173" /><testcase classname="tests.test_procureflow_phase2.TestPublicAndProtected" name="test_dashboard_requires_auth" time="0.137" /><testcase classname="tests.test_procureflow_phase2.TestPublicAndProtected" name="test_me_requires_auth" time="0.133" /><testcase classname="tests.test_procureflow_phase2.TestPublicAndProtected" name="test_root_public" time="0.150" /><testcase classname="tests.test_procureflow_phase2.TestPublicAndProtected" name="test_templates_public" time="0.152" /><testcase classname="tests.test_procureflow_phase2.TestPublicAndProtected" name="test_template_quotation_public" time="0.131" /><testcase classname="tests.test_procureflow_phase2.TestPublicAndProtected" name="test_template_invoice_schema" time="0.150" /><testcase classname="tests.test_procureflow_phase2.TestDocumentPipeline" name="test_upload_real_pdf" time="0.386" /><testcase classname="tests.test_procureflow_phase2.TestDocumentPipeline" name="test_process_document" time="10.030" /><testcase classname="tests.test_procureflow_phase2.TestDocumentPipeline" name="test_pagination_shape" time="0.183" /><testcase classname="tests.test_procureflow_phase2.TestDocumentPipeline" name="test_regex_search" time="0.176" /><testcase classname="tests.test_procureflow_phase2.TestDocumentPipeline" name="test_filter_combo" time="0.143" /><testcase classname="tests.test_procureflow_phase2.TestDocumentPipeline" name="test_manual_create_invoice_and_pdf" time="0.480" /><testcase classname="tests.test_procureflow_phase2.TestDocumentPipeline" name="test_email_without_resend_returns_503" time="0.173" /><testcase classname="tests.test_procureflow_phase2.TestBulkUpload" name="test_bulk_upload_and_status" time="13.931" /><testcase classname="tests.test_procureflow_phase2.TestRBAC" name="test_viewer_cannot_upload" time="3.036" /><testcase classname="tests.test_procureflow_phase2.TestRBAC" name="test_viewer_can_list_documents" time="0.137" /><testcase classname="tests.test_procureflow_phase2.TestRBAC" name="test_viewer_cannot_delete" time="0.484" /><testcase classname="tests.test_procureflow_phase2.TestRBAC" name="test_user_only_sees_own_documents" time="0.516" /><testcase classname="tests.test_procureflow_phase2.TestRBAC" name="test_manager_sees_all" time="0.595" /><testcase classname="tests.test_procureflow_phase2.TestRBAC" name="test_non_manager_cannot_email" time="0.733" /><testcase classname="tests.test_procureflow_phase2.TestRBAC" name="test_user_cannot_finalize" time="0.652" /><testcase classname="tests.test_procureflow_phase2.TestRBAC" name="test_delete_removes_file" time="0.688" /><testcase classname="tests.test_procureflow_phase2.TestAdminAndAudit" name="test_list_users_admin_only" time="0.305" /><testcase classname="tests.test_procureflow_phase2.TestAdminAndAudit" name="test_admin_cannot_demote_self" time="0.284" /><testcase classname="tests.test_procureflow_phase2.TestAdminAndAudit" name="test_admin_cannot_delete_self" time="0.272" /><testcase classname="tests.test_procureflow_phase2.TestAdminAndAudit" name="test_change_role_roundtrip" time="0.847" /><testcase classname="tests.test_procureflow_phase2.TestAdminAndAudit" name="test_audit_logs_admin_only" time="0.303" /><testcase classname="tests.test_procureflow_phase2.TestAdminAndAudit" name="test_audit_filter_by_action" time="0.135" /><testcase classname="tests.test_procureflow_phase3.TestPasswordReset" name="test_forgot_password_existing_email_creates_token" time="1.235" /><testcase classname="tests.test_procureflow_phase3.TestPasswordReset" name="test_forgot_password_nonexistent_email_returns_200_no_token" time="0.130" /><testcase classname="tests.test_procureflow_phase3.TestPasswordReset" name="test_reset_with_invalid_token_400" time="0.155" /><testcase classname="tests.test_procureflow_phase3.TestPasswordReset" name="test_reset_with_expired_token_400" time="0.165" /><testcase classname="tests.test_procureflow_phase3.TestPasswordReset" name="test_reset_short_password_422" time="0.212" /><testcase classname="tests.test_procureflow_phase3.TestPasswordReset" name="test_full_reset_flow_rotates_password_and_consumes_token" time="2.034" /><testcase classname="tests.test_procureflow_phase3.TestPasswordReset" name="test_audit_log_captures_reset_actions" time="0.297" /><testcase classname="tests.test_procureflow_phase3.TestTemplateEditor" name="test_non_admin_forbidden" time="0.930" /><testcase classname="tests.test_procureflow_phase3.TestTemplateEditor" name="test_create_invalid_document_type_400" time="0.725" /><testcase classname="tests.test_procureflow_phase3.TestTemplateEditor" name="test_create_invalid_schema_400" time="0.677" /><testcase classname="tests.test_procureflow_phase3.TestTemplateEditor" name="test_create_custom_template_and_list" time="0.480" /><testcase classname="tests.test_procureflow_phase3.TestTemplateEditor" name="test_put_body_type_must_match_url" time="0.174" /><testcase classname="tests.test_procureflow_phase3.TestTemplateEditor" name="test_put_updates_custom_template" time="0.398" /><testcase classname="tests.test_procureflow_phase3.TestTemplateEditor" name="test_override_quotation_then_reset" time="0.905" /><testcase classname="tests.test_procureflow_phase3.TestTemplateEditor" name="test_delete_custom_template_removes" time="0.663" /><testcase classname="tests.test_procureflow_phase3.TestTemplateEditor" name="test_template_audit_actions" time="0.474" /><testcase classname="tests.test_procureflow_phase3.TestCeleryBulk" name="test_queue_status_requires_admin" time="0.178" /><testcase classname="tests.test_procureflow_phase3.TestCeleryBulk" name="test_queue_status_admin" time="0.155" /><testcase classname="tests.test_procureflow_phase3.TestCeleryBulk" name="test_bulk_upload_uses_celery_and_extracts" time="24.957" /></testsuite></testsuites>