<?xml version="1.0" encoding="utf-8"?><testsuites name="pytest tests"><testsuite name="pytest" errors="0" failures="0" skipped="0" tests="17" time="19.081" timestamp="2026-04-24T14:49:18.558224+00:00" hostname="agent-env-d9001c04-4a91-44d5-ad57-7af79a48105a"><testcase classname="tests.test_procureflow_api" name="test_root" time="2.468" /><testcase classname="tests.test_procureflow_api" name="test_list_templates" time="0.052" /><testcase classname="tests.test_procureflow_api" name="test_get_quotation_template" time="0.058" /><testcase classname="tests.test_procureflow_api" name="test_get_unknown_template_404" time="0.051" /><testcase classname="tests.test_procureflow_api" name="test_dashboard_stats" time="0.092" /><testcase classname="tests.test_procureflow_api" name="test_upload_non_pdf_rejected" time="0.052" /><testcase classname="tests.test_procureflow_api" name="test_upload_pdf" time="0.324" /><testcase classname="tests.test_procureflow_api" name="test_process_non_existent_404" time="0.052" /><testcase classname="tests.test_procureflow_api" name="test_process_uploaded_pdf" time="14.275" /><testcase classname="tests.test_procureflow_api" name="test_get_document" time="0.062" /><testcase classname="tests.test_procureflow_api" name="test_list_documents_and_filters" time="0.169" /><testcase classname="tests.test_procureflow_api" name="test_review_document" time="0.169" /><testcase classname="tests.test_procureflow_api" name="test_create_manual_po" time="0.054" /><testcase classname="tests.test_procureflow_api" name="test_generate_pdf_manual" time="0.088" /><testcase classname="tests.test_procureflow_api" name="test_get_original_file" time="0.096" /><testcase classname="tests.test_procureflow_api" name="test_delete_manual" time="0.106" /><testcase classname="tests.test_procureflow_api" name="test_delete_uploaded" time="0.118" /></testsuite></testsuites>